Info: Starting: Create simulation model
Info: ip-generate --project-directory=C:/Users/ACER/Downloads/DE0_Debounce/DE0_TOP_New/ --output-directory=C:/Users/ACER/Downloads/DE0_Debounce/DE0_TOP_New/DEO_SALVA/simulation/ --file-set=SIM_VHDL --report-file=html:C:/Users/ACER/Downloads/DE0_Debounce/DE0_TOP_New/DEO_SALVA.html --report-file=sopcinfo:C:/Users/ACER/Downloads/DE0_Debounce/DE0_TOP_New/DEO_SALVA.sopcinfo --report-file=csv:C:/Users/ACER/Downloads/DE0_Debounce/DE0_TOP_New/DEO_SALVA.csv --report-file=spd:C:/Users/ACER/Downloads/DE0_Debounce/DE0_TOP_New/DEO_SALVA.spd --report-file=sip:C:/Users/ACER/Downloads/DE0_Debounce/DE0_TOP_New/DEO_SALVA/simulation/DEO_SALVA.sip --report-file=cmp:C:/Users/ACER/Downloads/DE0_Debounce/DE0_TOP_New/DEO_SALVA.cmp --system-info=DEVICE_FAMILY="Cyclone III" --system-info=DEVICE=EP3C16F484C6 --system-info=DEVICE_SPEEDGRADE=6 --component-file=C:/Users/ACER/Downloads/DE0_Debounce/DE0_TOP_New/DEO_SALVA.qsys
Progress: Loading DE0_TOP_New/DEO_SALVA.qsys
Progress: Reading input file
Progress: Adding clk_0 [clock_source 13.1]
Progress: Parameterizing module clk_0
Progress: Adding nios2_qsys_0 [altera_nios2_qsys 13.1]
Progress: Parameterizing module nios2_qsys_0
Progress: Adding onchip_memory2_0 [altera_avalon_onchip_memory2 13.1]
Progress: Parameterizing module onchip_memory2_0
Progress: Adding timer_0 [altera_avalon_timer 13.1]
Progress: Parameterizing module timer_0
Progress: Building connections
Progress: Parameterizing connections
Progress: Validating
Progress: Done reading input file
Info: DEO_SALVA: Generating DEO_SALVA "DEO_SALVA" for SIM_VHDL
Info: pipeline_bridge_swap_transform: After transform: 4 modules, 13 connections
Info: No custom instruction connections, skipping transform 
Info: merlin_initial_interconnect_transform: After transform: 4 modules, 12 connections
Info: merlin_translator_transform: After transform: 9 modules, 30 connections
Info: merlin_domain_transform: After transform: 18 modules, 82 connections
Info: merlin_router_transform: After transform: 23 modules, 100 connections
Info: merlin_traffic_limiter_transform: After transform: 25 modules, 110 connections
Info: merlin_network_to_switch_transform: After transform: 34 modules, 133 connections
Info: limiter_update_transform: After transform: 34 modules, 135 connections
Info: merlin_clock_and_reset_bridge_transform: After transform: 37 modules, 171 connections
Info: merlin_hierarchy_transform: After transform: 5 modules, 17 connections
Info: merlin_mm_transform: After transform: 5 modules, 17 connections
Info: merlin_interrupt_mapper_transform: After transform: 6 modules, 21 connections
Info: reset_adaptation_transform: After transform: 10 modules, 29 connections
Info: nios2_qsys_0: Starting RTL generation for module 'DEO_SALVA_nios2_qsys_0'
Info: nios2_qsys_0:   Generation command is [exec C:/altera/13.1/quartus/bin/eperlcmd.exe -I C:/altera/13.1/quartus/bin/perl/lib -I C:/altera/13.1/quartus/sopc_builder/bin/europa -I C:/altera/13.1/quartus/sopc_builder/bin/perl_lib -I C:/altera/13.1/quartus/sopc_builder/bin -I C:/altera/13.1/quartus/../ip/altera/nios2_ip/altera_nios2/cpu_lib -I C:/altera/13.1/quartus/../ip/altera/nios2_ip/altera_nios2/nios_lib -I C:/altera/13.1/quartus/../ip/altera/nios2_ip/altera_nios2 -I C:/altera/13.1/quartus/../ip/altera/nios2_ip/altera_nios2 -- C:/altera/13.1/quartus/../ip/altera/nios2_ip/altera_nios2/generate_rtl.epl --name=DEO_SALVA_nios2_qsys_0 --dir=C:/Users/ACER/AppData/Local/Temp/alt9116_321537786932776103.dir/0001_nios2_qsys_0_gen/ --quartus_dir=C:/altera/13.1/quartus --vhdl --config=C:/Users/ACER/AppData/Local/Temp/alt9116_321537786932776103.dir/0001_nios2_qsys_0_gen//DEO_SALVA_nios2_qsys_0_processor_configuration.pl  --do_build_sim=1    --sim_dir=C:/Users/ACER/AppData/Local/Temp/alt9116_321537786932776103.dir/0001_nios2_qsys_0_gen/  ]
Info: nios2_qsys_0: # 2022.05.05 00:28:56 (*) Starting Nios II generation
Info: nios2_qsys_0: # 2022.05.05 00:28:56 (*)   Checking for plaintext license.
Info: nios2_qsys_0: # 2022.05.05 00:28:57 (*)   Couldn't query license setup in Quartus directory C:/altera/13.1/quartus
Info: nios2_qsys_0: # 2022.05.05 00:28:57 (*)   Defaulting to contents of LM_LICENSE_FILE environment variable
Info: nios2_qsys_0: # 2022.05.05 00:28:57 (*)   LM_LICENSE_FILE environment variable is empty
Info: nios2_qsys_0: # 2022.05.05 00:28:57 (*)   Plaintext license not found.
Info: nios2_qsys_0: # 2022.05.05 00:28:57 (*)   Checking for encrypted license (non-evaluation).
Info: nios2_qsys_0: # 2022.05.05 00:28:58 (*)   Couldn't query license setup in Quartus directory C:/altera/13.1/quartus
Info: nios2_qsys_0: # 2022.05.05 00:28:58 (*)   Defaulting to contents of LM_LICENSE_FILE environment variable
Info: nios2_qsys_0: # 2022.05.05 00:28:58 (*)   LM_LICENSE_FILE environment variable is empty
Info: nios2_qsys_0: # 2022.05.05 00:28:58 (*)   Encrypted license not found.  Defaulting to OCP evaluation license (produces a time-limited SOF)
Info: nios2_qsys_0: # 2022.05.05 00:28:58 (*)   Elaborating CPU configuration settings
Info: nios2_qsys_0: # 2022.05.05 00:28:58 (*)   Creating all objects for CPU
Info: nios2_qsys_0: # 2022.05.05 00:28:58 (*)     Testbench
Info: nios2_qsys_0: # 2022.05.05 00:28:58 (*)     Instruction decoding
Info: nios2_qsys_0: # 2022.05.05 00:28:58 (*)       Instruction fields
Info: nios2_qsys_0: # 2022.05.05 00:28:58 (*)       Instruction decodes
Info: nios2_qsys_0: # 2022.05.05 00:28:59 (*)       Signals for RTL simulation waveforms
Info: nios2_qsys_0: # 2022.05.05 00:28:59 (*)       Instruction controls
Info: nios2_qsys_0: # 2022.05.05 00:28:59 (*)     Pipeline frontend
Info: nios2_qsys_0: # 2022.05.05 00:28:59 (*)     Pipeline backend
Info: nios2_qsys_0: # 2022.05.05 00:29:02 (*)   Creating 'C:/Users/ACER/AppData/Local/Temp/alt9116_321537786932776103.dir/0001_nios2_qsys_0_gen//DEO_SALVA_nios2_qsys_0_nios2_waves.do'
Info: nios2_qsys_0: # 2022.05.05 00:29:02 (*)   Generating RTL from CPU objects
Info: nios2_qsys_0: # 2022.05.05 00:29:10 (*)   Creating encrypted RTL
Info: nios2_qsys_0: # 2022.05.05 00:29:12 (*)   Creating IP functional simulation model
Info: nios2_qsys_0: # 2022.05.05 00:29:22 (*) Done Nios II generation
Info: nios2_qsys_0: Done RTL generation for module 'DEO_SALVA_nios2_qsys_0'
Info: nios2_qsys_0: "DEO_SALVA" instantiated altera_nios2_qsys "nios2_qsys_0"
Info: onchip_memory2_0: Starting RTL generation for module 'DEO_SALVA_onchip_memory2_0'
Info: onchip_memory2_0:   Generation command is [exec C:/altera/13.1/quartus/bin/perl/bin/perl.exe -I C:/altera/13.1/quartus/bin/perl/lib -I C:/altera/13.1/quartus/sopc_builder/bin/europa -I C:/altera/13.1/quartus/sopc_builder/bin/perl_lib -I C:/altera/13.1/quartus/sopc_builder/bin -I C:/altera/13.1/quartus/../ip/altera/sopc_builder_ip/common -I C:/altera/13.1/quartus/../ip/altera/sopc_builder_ip/altera_avalon_onchip_memory2 -- C:/altera/13.1/quartus/../ip/altera/sopc_builder_ip/altera_avalon_onchip_memory2/generate_rtl.pl --name=DEO_SALVA_onchip_memory2_0 --dir=C:/Users/ACER/AppData/Local/Temp/alt9116_321537786932776103.dir/0002_onchip_memory2_0_gen/ --quartus_dir=C:/altera/13.1/quartus --vhdl --config=C:/Users/ACER/AppData/Local/Temp/alt9116_321537786932776103.dir/0002_onchip_memory2_0_gen//DEO_SALVA_onchip_memory2_0_component_configuration.pl  --do_build_sim=1    --sim_dir=C:/Users/ACER/AppData/Local/Temp/alt9116_321537786932776103.dir/0002_onchip_memory2_0_gen/  ]
Info: onchip_memory2_0: Done RTL generation for module 'DEO_SALVA_onchip_memory2_0'
Info: onchip_memory2_0: "DEO_SALVA" instantiated altera_avalon_onchip_memory2 "onchip_memory2_0"
Info: timer_0: Starting RTL generation for module 'DEO_SALVA_timer_0'
Info: timer_0:   Generation command is [exec C:/altera/13.1/quartus/bin//perl/bin/perl.exe -I C:/altera/13.1/quartus/bin//perl/lib -I C:/altera/13.1/quartus/sopc_builder/bin/europa -I C:/altera/13.1/quartus/sopc_builder/bin/perl_lib -I C:/altera/13.1/quartus/sopc_builder/bin -I C:/altera/13.1/quartus/../ip/altera/sopc_builder_ip/common -I C:/altera/13.1/quartus/../ip/altera/sopc_builder_ip/altera_avalon_timer -- C:/altera/13.1/quartus/../ip/altera/sopc_builder_ip/altera_avalon_timer/generate_rtl.pl --name=DEO_SALVA_timer_0 --dir=C:/Users/ACER/AppData/Local/Temp/alt9116_321537786932776103.dir/0003_timer_0_gen/ --quartus_dir=C:/altera/13.1/quartus --vhdl --config=C:/Users/ACER/AppData/Local/Temp/alt9116_321537786932776103.dir/0003_timer_0_gen//DEO_SALVA_timer_0_component_configuration.pl  --do_build_sim=1    --sim_dir=C:/Users/ACER/AppData/Local/Temp/alt9116_321537786932776103.dir/0003_timer_0_gen/  ]
Info: timer_0: Done RTL generation for module 'DEO_SALVA_timer_0'
Info: timer_0: "DEO_SALVA" instantiated altera_avalon_timer "timer_0"
Info: pipeline_bridge_swap_transform: After transform: 33 modules, 107 connections
Info: No custom instruction connections, skipping transform 
Info: merlin_initial_interconnect_transform: After transform: 0 modules, 0 connections
Info: No Avalon connections, skipping transform 
Info: merlin_hierarchy_transform: After transform: 33 modules, 107 connections
Info: merlin_initial_interconnect_transform: After transform: 0 modules, 0 connections
Info: No Avalon connections, skipping transform 
Info: merlin_hierarchy_transform: After transform: 33 modules, 107 connections
Info: merlin_initial_interconnect_transform: After transform: 0 modules, 0 connections
Info: No Avalon connections, skipping transform 
Info: merlin_hierarchy_transform: After transform: 33 modules, 107 connections
Info: merlin_initial_interconnect_transform: After transform: 0 modules, 0 connections
Info: No Avalon connections, skipping transform 
Info: merlin_hierarchy_transform: After transform: 33 modules, 107 connections
Info: merlin_initial_interconnect_transform: After transform: 0 modules, 0 connections
Info: No Avalon connections, skipping transform 
Info: merlin_hierarchy_transform: After transform: 33 modules, 107 connections
Info: mm_interconnect_0: "DEO_SALVA" instantiated altera_merlin_interconnect_wrapper "mm_interconnect_0"
Info: irq_mapper: Generating VHDL simulation model
Warning: Parallel compilation is not licensed and has been disabled
Info: irq_mapper: Generated simulation model DEO_SALVA_irq_mapper.vho
Info: irq_mapper: "DEO_SALVA" instantiated altera_irq_mapper "irq_mapper"
Info: rst_controller: "DEO_SALVA" instantiated altera_reset_controller "rst_controller"
Info: nios2_qsys_0_instruction_master_translator: "mm_interconnect_0" instantiated altera_merlin_master_translator "nios2_qsys_0_instruction_master_translator"
Info: nios2_qsys_0_jtag_debug_module_translator: "mm_interconnect_0" instantiated altera_merlin_slave_translator "nios2_qsys_0_jtag_debug_module_translator"
Info: nios2_qsys_0_instruction_master_translator_avalon_universal_master_0_agent: "mm_interconnect_0" instantiated altera_merlin_master_agent "nios2_qsys_0_instruction_master_translator_avalon_universal_master_0_agent"
Info: nios2_qsys_0_jtag_debug_module_translator_avalon_universal_slave_0_agent: "mm_interconnect_0" instantiated altera_merlin_slave_agent "nios2_qsys_0_jtag_debug_module_translator_avalon_universal_slave_0_agent"
Info: nios2_qsys_0_jtag_debug_module_translator_avalon_universal_slave_0_agent_rsp_fifo: Generating VHDL simulation model
Warning: Parallel compilation is not licensed and has been disabled
Info: nios2_qsys_0_jtag_debug_module_translator_avalon_universal_slave_0_agent_rsp_fifo: Generated simulation model DEO_SALVA_mm_interconnect_0_nios2_qsys_0_jtag_debug_module_translator_avalon_universal_slave_0_agent_rsp_fifo.vho
Info: nios2_qsys_0_jtag_debug_module_translator_avalon_universal_slave_0_agent_rsp_fifo: "mm_interconnect_0" instantiated altera_avalon_sc_fifo "nios2_qsys_0_jtag_debug_module_translator_avalon_universal_slave_0_agent_rsp_fifo"
Warning: Parallel compilation is not licensed and has been disabled
Info: addr_router: "mm_interconnect_0" instantiated altera_merlin_router "addr_router"
Warning: Parallel compilation is not licensed and has been disabled
Info: addr_router_001: "mm_interconnect_0" instantiated altera_merlin_router "addr_router_001"
Warning: Parallel compilation is not licensed and has been disabled
Info: id_router: "mm_interconnect_0" instantiated altera_merlin_router "id_router"
Warning: Parallel compilation is not licensed and has been disabled
Info: id_router_002: "mm_interconnect_0" instantiated altera_merlin_router "id_router_002"
Info: limiter: "mm_interconnect_0" instantiated altera_merlin_traffic_limiter "limiter"
Info: cmd_xbar_demux: Generating VHDL simulation model
Warning: Parallel compilation is not licensed and has been disabled
Info: cmd_xbar_demux: Generated simulation model DEO_SALVA_mm_interconnect_0_cmd_xbar_demux.vho
Info: cmd_xbar_demux: "mm_interconnect_0" instantiated altera_merlin_demultiplexer "cmd_xbar_demux"
Info: cmd_xbar_demux_001: Generating VHDL simulation model
Warning: Parallel compilation is not licensed and has been disabled
Info: cmd_xbar_demux_001: Generated simulation model DEO_SALVA_mm_interconnect_0_cmd_xbar_demux_001.vho
Info: cmd_xbar_demux_001: "mm_interconnect_0" instantiated altera_merlin_demultiplexer "cmd_xbar_demux_001"
Info: cmd_xbar_mux: Generating VHDL simulation model
Warning: Parallel compilation is not licensed and has been disabled
Info: cmd_xbar_mux: Generated simulation model DEO_SALVA_mm_interconnect_0_cmd_xbar_mux.vho
Info: cmd_xbar_mux: "mm_interconnect_0" instantiated altera_merlin_multiplexer "cmd_xbar_mux"
Info: cmd_xbar_mux_002: Generating VHDL simulation model
Warning: Parallel compilation is not licensed and has been disabled
Info: cmd_xbar_mux_002: Generated simulation model DEO_SALVA_mm_interconnect_0_cmd_xbar_mux_002.vho
Info: cmd_xbar_mux_002: "mm_interconnect_0" instantiated altera_merlin_multiplexer "cmd_xbar_mux_002"
Info: rsp_xbar_demux: Generating VHDL simulation model
Warning: Parallel compilation is not licensed and has been disabled
Info: rsp_xbar_demux: Generated simulation model DEO_SALVA_mm_interconnect_0_rsp_xbar_demux.vho
Info: rsp_xbar_demux: "mm_interconnect_0" instantiated altera_merlin_demultiplexer "rsp_xbar_demux"
Info: rsp_xbar_demux_002: Generating VHDL simulation model
Warning: Parallel compilation is not licensed and has been disabled
Info: rsp_xbar_demux_002: Generated simulation model DEO_SALVA_mm_interconnect_0_rsp_xbar_demux_002.vho
Info: rsp_xbar_demux_002: "mm_interconnect_0" instantiated altera_merlin_demultiplexer "rsp_xbar_demux_002"
Info: rsp_xbar_mux: Generating VHDL simulation model
Warning: Parallel compilation is not licensed and has been disabled
Info: rsp_xbar_mux: Generated simulation model DEO_SALVA_mm_interconnect_0_rsp_xbar_mux.vho
Info: rsp_xbar_mux: "mm_interconnect_0" instantiated altera_merlin_multiplexer "rsp_xbar_mux"
Info: rsp_xbar_mux_001: Generating VHDL simulation model
Warning: Parallel compilation is not licensed and has been disabled
Info: rsp_xbar_mux_001: Generated simulation model DEO_SALVA_mm_interconnect_0_rsp_xbar_mux_001.vho
Info: rsp_xbar_mux_001: "mm_interconnect_0" instantiated altera_merlin_multiplexer "rsp_xbar_mux_001"
Info: DEO_SALVA: Done "DEO_SALVA" with 25 modules, 73 files, 3115960 bytes
Info: ip-generate succeeded.
Info: Finished: Create simulation model
Info: Starting: Create Modelsim Project.
Info: sim-script-gen --spd=C:/Users/ACER/Downloads/DE0_Debounce/DE0_TOP_New/DEO_SALVA.spd --output-directory=C:/Users/ACER/Downloads/DE0_Debounce/DE0_TOP_New/DEO_SALVA/simulation/
Info: Doing: ip-make-simscript --spd=C:/Users/ACER/Downloads/DE0_Debounce/DE0_TOP_New/DEO_SALVA.spd --output-directory=C:/Users/ACER/Downloads/DE0_Debounce/DE0_TOP_New/DEO_SALVA/simulation/
Info: Generating the following file(s) for MODELSIM simulator in C:/Users/ACER/Downloads/DE0_Debounce/DE0_TOP_New/DEO_SALVA/simulation/ directory:
Info: 	mentor/msim_setup.tcl
Info: Skipping VCS script generation since VHDL file $QUARTUS_INSTALL_DIR/eda/sim_lib/altera_syn_attributes.vhd is required for simulation
Info: Generating the following file(s) for VCSMX simulator in C:/Users/ACER/Downloads/DE0_Debounce/DE0_TOP_New/DEO_SALVA/simulation/ directory:
Info: 	synopsys/vcsmx/synopsys_sim.setup
Info: 	synopsys/vcsmx/vcsmx_setup.sh
Info: Generating the following file(s) for NCSIM simulator in C:/Users/ACER/Downloads/DE0_Debounce/DE0_TOP_New/DEO_SALVA/simulation/ directory:
Info: 	cadence/cds.lib
Info: 	cadence/hdl.var
Info: 	cadence/ncsim_setup.sh
Info: 	18 .cds.lib files in cadence/cds_libs/ directory
Info: Generating the following file(s) for RIVIERA simulator in C:/Users/ACER/Downloads/DE0_Debounce/DE0_TOP_New/DEO_SALVA/simulation/ directory:
Info: 	aldec/rivierapro_setup.tcl
Info: Finished: Create Modelsim Project.
Info: Starting: Create block symbol file (.bsf)
Info: ip-generate --project-directory=C:/Users/ACER/Downloads/DE0_Debounce/DE0_TOP_New/ --output-directory=C:/Users/ACER/Downloads/DE0_Debounce/DE0_TOP_New/DEO_SALVA/ --report-file=bsf:C:/Users/ACER/Downloads/DE0_Debounce/DE0_TOP_New/DEO_SALVA.bsf --system-info=DEVICE_FAMILY="Cyclone III" --system-info=DEVICE=EP3C16F484C6 --system-info=DEVICE_SPEEDGRADE=6 --component-file=C:/Users/ACER/Downloads/DE0_Debounce/DE0_TOP_New/DEO_SALVA.qsys
Progress: Loading DE0_TOP_New/DEO_SALVA.qsys
Progress: Reading input file
Progress: Adding clk_0 [clock_source 13.1]
Progress: Parameterizing module clk_0
Progress: Adding nios2_qsys_0 [altera_nios2_qsys 13.1]
Progress: Parameterizing module nios2_qsys_0
Progress: Adding onchip_memory2_0 [altera_avalon_onchip_memory2 13.1]
Progress: Parameterizing module onchip_memory2_0
Progress: Adding timer_0 [altera_avalon_timer 13.1]
Progress: Parameterizing module timer_0
Progress: Building connections
Progress: Parameterizing connections
Progress: Validating
Progress: Done reading input file
Info: ip-generate succeeded.
Info: Finished: Create block symbol file (.bsf)
Info: 
Info: Starting: Create HDL design files for synthesis
Info: ip-generate --project-directory=C:/Users/ACER/Downloads/DE0_Debounce/DE0_TOP_New/ --output-directory=C:/Users/ACER/Downloads/DE0_Debounce/DE0_TOP_New/DEO_SALVA/synthesis/ --file-set=QUARTUS_SYNTH --report-file=html:C:/Users/ACER/Downloads/DE0_Debounce/DE0_TOP_New/DEO_SALVA.html --report-file=sopcinfo:C:/Users/ACER/Downloads/DE0_Debounce/DE0_TOP_New/DEO_SALVA.sopcinfo --report-file=cmp:C:/Users/ACER/Downloads/DE0_Debounce/DE0_TOP_New/DEO_SALVA.cmp --report-file=qip:C:/Users/ACER/Downloads/DE0_Debounce/DE0_TOP_New/DEO_SALVA/synthesis/DEO_SALVA.qip --report-file=svd --report-file=regmap:C:/Users/ACER/Downloads/DE0_Debounce/DE0_TOP_New/DEO_SALVA/synthesis/DEO_SALVA.regmap --report-file=debuginfo:C:/Users/ACER/Downloads/DE0_Debounce/DE0_TOP_New/DEO_SALVA/synthesis/DEO_SALVA.debuginfo --system-info=DEVICE_FAMILY="Cyclone III" --system-info=DEVICE=EP3C16F484C6 --system-info=DEVICE_SPEEDGRADE=6 --component-file=C:/Users/ACER/Downloads/DE0_Debounce/DE0_TOP_New/DEO_SALVA.qsys --language=VHDL
Progress: Loading DE0_TOP_New/DEO_SALVA.qsys
Progress: Reading input file
Progress: Adding clk_0 [clock_source 13.1]
Progress: Parameterizing module clk_0
Progress: Adding nios2_qsys_0 [altera_nios2_qsys 13.1]
Progress: Parameterizing module nios2_qsys_0
Progress: Adding onchip_memory2_0 [altera_avalon_onchip_memory2 13.1]
Progress: Parameterizing module onchip_memory2_0
Progress: Adding timer_0 [altera_avalon_timer 13.1]
Progress: Parameterizing module timer_0
Progress: Building connections
Progress: Parameterizing connections
Progress: Validating
Progress: Done reading input file
Info: DEO_SALVA: Generating DEO_SALVA "DEO_SALVA" for QUARTUS_SYNTH
Info: pipeline_bridge_swap_transform: After transform: 4 modules, 13 connections
Info: No custom instruction connections, skipping transform 
Info: merlin_initial_interconnect_transform: After transform: 4 modules, 12 connections
Info: merlin_translator_transform: After transform: 9 modules, 30 connections
Info: merlin_domain_transform: After transform: 18 modules, 82 connections
Info: merlin_router_transform: After transform: 23 modules, 100 connections
Info: merlin_traffic_limiter_transform: After transform: 25 modules, 110 connections
Info: merlin_network_to_switch_transform: After transform: 34 modules, 133 connections
Info: limiter_update_transform: After transform: 34 modules, 135 connections
Info: merlin_clock_and_reset_bridge_transform: After transform: 37 modules, 171 connections
Info: merlin_hierarchy_transform: After transform: 5 modules, 17 connections
Info: merlin_mm_transform: After transform: 5 modules, 17 connections
Info: merlin_interrupt_mapper_transform: After transform: 6 modules, 21 connections
Info: reset_adaptation_transform: After transform: 10 modules, 29 connections
Info: nios2_qsys_0: Starting RTL generation for module 'DEO_SALVA_nios2_qsys_0'
Info: nios2_qsys_0:   Generation command is [exec C:/altera/13.1/quartus/bin/eperlcmd.exe -I C:/altera/13.1/quartus/bin/perl/lib -I C:/altera/13.1/quartus/sopc_builder/bin/europa -I C:/altera/13.1/quartus/sopc_builder/bin/perl_lib -I C:/altera/13.1/quartus/sopc_builder/bin -I C:/altera/13.1/quartus/../ip/altera/nios2_ip/altera_nios2/cpu_lib -I C:/altera/13.1/quartus/../ip/altera/nios2_ip/altera_nios2/nios_lib -I C:/altera/13.1/quartus/../ip/altera/nios2_ip/altera_nios2 -I C:/altera/13.1/quartus/../ip/altera/nios2_ip/altera_nios2 -- C:/altera/13.1/quartus/../ip/altera/nios2_ip/altera_nios2/generate_rtl.epl --name=DEO_SALVA_nios2_qsys_0 --dir=C:/Users/ACER/AppData/Local/Temp/alt9116_321537786932776103.dir/0053_nios2_qsys_0_gen/ --quartus_dir=C:/altera/13.1/quartus --verilog --config=C:/Users/ACER/AppData/Local/Temp/alt9116_321537786932776103.dir/0053_nios2_qsys_0_gen//DEO_SALVA_nios2_qsys_0_processor_configuration.pl  --do_build_sim=0  ]
Info: nios2_qsys_0: # 2022.05.05 00:29:57 (*) Starting Nios II generation
Info: nios2_qsys_0: # 2022.05.05 00:29:57 (*)   Checking for plaintext license.
Info: nios2_qsys_0: # 2022.05.05 00:29:58 (*)   Couldn't query license setup in Quartus directory C:/altera/13.1/quartus
Info: nios2_qsys_0: # 2022.05.05 00:29:58 (*)   Defaulting to contents of LM_LICENSE_FILE environment variable
Info: nios2_qsys_0: # 2022.05.05 00:29:58 (*)   LM_LICENSE_FILE environment variable is empty
Info: nios2_qsys_0: # 2022.05.05 00:29:58 (*)   Plaintext license not found.
Info: nios2_qsys_0: # 2022.05.05 00:29:58 (*)   Checking for encrypted license (non-evaluation).
Info: nios2_qsys_0: # 2022.05.05 00:29:59 (*)   Couldn't query license setup in Quartus directory C:/altera/13.1/quartus
Info: nios2_qsys_0: # 2022.05.05 00:29:59 (*)   Defaulting to contents of LM_LICENSE_FILE environment variable
Info: nios2_qsys_0: # 2022.05.05 00:29:59 (*)   LM_LICENSE_FILE environment variable is empty
Info: nios2_qsys_0: # 2022.05.05 00:29:59 (*)   Encrypted license not found.  Defaulting to OCP evaluation license (produces a time-limited SOF)
Info: nios2_qsys_0: # 2022.05.05 00:29:59 (*)   Elaborating CPU configuration settings
Info: nios2_qsys_0: # 2022.05.05 00:29:59 (*)   Creating all objects for CPU
Info: nios2_qsys_0: # 2022.05.05 00:29:59 (*)     Testbench
Info: nios2_qsys_0: # 2022.05.05 00:29:59 (*)     Instruction decoding
Info: nios2_qsys_0: # 2022.05.05 00:29:59 (*)       Instruction fields
Info: nios2_qsys_0: # 2022.05.05 00:29:59 (*)       Instruction decodes
Info: nios2_qsys_0: # 2022.05.05 00:30:00 (*)       Signals for RTL simulation waveforms
Info: nios2_qsys_0: # 2022.05.05 00:30:00 (*)       Instruction controls
Info: nios2_qsys_0: # 2022.05.05 00:30:00 (*)     Pipeline frontend
Info: nios2_qsys_0: # 2022.05.05 00:30:00 (*)     Pipeline backend
Info: nios2_qsys_0: # 2022.05.05 00:30:02 (*)   Generating RTL from CPU objects
Info: nios2_qsys_0: # 2022.05.05 00:30:05 (*)   Creating encrypted RTL
Info: nios2_qsys_0: # 2022.05.05 00:30:06 (*) Done Nios II generation
Info: nios2_qsys_0: Done RTL generation for module 'DEO_SALVA_nios2_qsys_0'
Info: nios2_qsys_0: "DEO_SALVA" instantiated altera_nios2_qsys "nios2_qsys_0"
Info: onchip_memory2_0: Starting RTL generation for module 'DEO_SALVA_onchip_memory2_0'
Info: onchip_memory2_0:   Generation command is [exec C:/altera/13.1/quartus/bin/perl/bin/perl.exe -I C:/altera/13.1/quartus/bin/perl/lib -I C:/altera/13.1/quartus/sopc_builder/bin/europa -I C:/altera/13.1/quartus/sopc_builder/bin/perl_lib -I C:/altera/13.1/quartus/sopc_builder/bin -I C:/altera/13.1/quartus/../ip/altera/sopc_builder_ip/common -I C:/altera/13.1/quartus/../ip/altera/sopc_builder_ip/altera_avalon_onchip_memory2 -- C:/altera/13.1/quartus/../ip/altera/sopc_builder_ip/altera_avalon_onchip_memory2/generate_rtl.pl --name=DEO_SALVA_onchip_memory2_0 --dir=C:/Users/ACER/AppData/Local/Temp/alt9116_321537786932776103.dir/0054_onchip_memory2_0_gen/ --quartus_dir=C:/altera/13.1/quartus --verilog --config=C:/Users/ACER/AppData/Local/Temp/alt9116_321537786932776103.dir/0054_onchip_memory2_0_gen//DEO_SALVA_onchip_memory2_0_component_configuration.pl  --do_build_sim=0  ]
Info: onchip_memory2_0: Done RTL generation for module 'DEO_SALVA_onchip_memory2_0'
Info: onchip_memory2_0: "DEO_SALVA" instantiated altera_avalon_onchip_memory2 "onchip_memory2_0"
Info: timer_0: Starting RTL generation for module 'DEO_SALVA_timer_0'
Info: timer_0:   Generation command is [exec C:/altera/13.1/quartus/bin//perl/bin/perl.exe -I C:/altera/13.1/quartus/bin//perl/lib -I C:/altera/13.1/quartus/sopc_builder/bin/europa -I C:/altera/13.1/quartus/sopc_builder/bin/perl_lib -I C:/altera/13.1/quartus/sopc_builder/bin -I C:/altera/13.1/quartus/../ip/altera/sopc_builder_ip/common -I C:/altera/13.1/quartus/../ip/altera/sopc_builder_ip/altera_avalon_timer -- C:/altera/13.1/quartus/../ip/altera/sopc_builder_ip/altera_avalon_timer/generate_rtl.pl --name=DEO_SALVA_timer_0 --dir=C:/Users/ACER/AppData/Local/Temp/alt9116_321537786932776103.dir/0055_timer_0_gen/ --quartus_dir=C:/altera/13.1/quartus --verilog --config=C:/Users/ACER/AppData/Local/Temp/alt9116_321537786932776103.dir/0055_timer_0_gen//DEO_SALVA_timer_0_component_configuration.pl  --do_build_sim=0  ]
Info: timer_0: Done RTL generation for module 'DEO_SALVA_timer_0'
Info: timer_0: "DEO_SALVA" instantiated altera_avalon_timer "timer_0"
Info: pipeline_bridge_swap_transform: After transform: 33 modules, 107 connections
Info: No custom instruction connections, skipping transform 
Info: merlin_initial_interconnect_transform: After transform: 0 modules, 0 connections
Info: No Avalon connections, skipping transform 
Info: merlin_hierarchy_transform: After transform: 33 modules, 107 connections
Info: merlin_initial_interconnect_transform: After transform: 0 modules, 0 connections
Info: No Avalon connections, skipping transform 
Info: merlin_hierarchy_transform: After transform: 33 modules, 107 connections
Info: merlin_initial_interconnect_transform: After transform: 0 modules, 0 connections
Info: No Avalon connections, skipping transform 
Info: merlin_hierarchy_transform: After transform: 33 modules, 107 connections
Info: merlin_initial_interconnect_transform: After transform: 0 modules, 0 connections
Info: No Avalon connections, skipping transform 
Info: merlin_hierarchy_transform: After transform: 33 modules, 107 connections
Info: merlin_initial_interconnect_transform: After transform: 0 modules, 0 connections
Info: No Avalon connections, skipping transform 
Info: merlin_hierarchy_transform: After transform: 33 modules, 107 connections
Info: mm_interconnect_0: "DEO_SALVA" instantiated altera_merlin_interconnect_wrapper "mm_interconnect_0"
Info: irq_mapper: "DEO_SALVA" instantiated altera_irq_mapper "irq_mapper"
Info: rst_controller: "DEO_SALVA" instantiated altera_reset_controller "rst_controller"
Info: nios2_qsys_0_instruction_master_translator: "mm_interconnect_0" instantiated altera_merlin_master_translator "nios2_qsys_0_instruction_master_translator"
Info: nios2_qsys_0_jtag_debug_module_translator: "mm_interconnect_0" instantiated altera_merlin_slave_translator "nios2_qsys_0_jtag_debug_module_translator"
Info: nios2_qsys_0_instruction_master_translator_avalon_universal_master_0_agent: "mm_interconnect_0" instantiated altera_merlin_master_agent "nios2_qsys_0_instruction_master_translator_avalon_universal_master_0_agent"
Info: nios2_qsys_0_jtag_debug_module_translator_avalon_universal_slave_0_agent: "mm_interconnect_0" instantiated altera_merlin_slave_agent "nios2_qsys_0_jtag_debug_module_translator_avalon_universal_slave_0_agent"
Info: nios2_qsys_0_jtag_debug_module_translator_avalon_universal_slave_0_agent_rsp_fifo: "mm_interconnect_0" instantiated altera_avalon_sc_fifo "nios2_qsys_0_jtag_debug_module_translator_avalon_universal_slave_0_agent_rsp_fifo"
Info: addr_router: "mm_interconnect_0" instantiated altera_merlin_router "addr_router"
Info: addr_router_001: "mm_interconnect_0" instantiated altera_merlin_router "addr_router_001"
Info: id_router: "mm_interconnect_0" instantiated altera_merlin_router "id_router"
Info: id_router_002: "mm_interconnect_0" instantiated altera_merlin_router "id_router_002"
Info: limiter: "mm_interconnect_0" instantiated altera_merlin_traffic_limiter "limiter"
Info: Reusing file C:/Users/ACER/Downloads/DE0_Debounce/DE0_TOP_New/DEO_SALVA/synthesis/submodules/altera_avalon_sc_fifo.v
Info: cmd_xbar_demux: "mm_interconnect_0" instantiated altera_merlin_demultiplexer "cmd_xbar_demux"
Info: cmd_xbar_demux_001: "mm_interconnect_0" instantiated altera_merlin_demultiplexer "cmd_xbar_demux_001"
Info: cmd_xbar_mux: "mm_interconnect_0" instantiated altera_merlin_multiplexer "cmd_xbar_mux"
Info: cmd_xbar_mux_002: "mm_interconnect_0" instantiated altera_merlin_multiplexer "cmd_xbar_mux_002"
Info: Reusing file C:/Users/ACER/Downloads/DE0_Debounce/DE0_TOP_New/DEO_SALVA/synthesis/submodules/altera_merlin_arbitrator.sv
Info: rsp_xbar_demux: "mm_interconnect_0" instantiated altera_merlin_demultiplexer "rsp_xbar_demux"
Info: rsp_xbar_demux_002: "mm_interconnect_0" instantiated altera_merlin_demultiplexer "rsp_xbar_demux_002"
Info: rsp_xbar_mux: "mm_interconnect_0" instantiated altera_merlin_multiplexer "rsp_xbar_mux"
Info: Reusing file C:/Users/ACER/Downloads/DE0_Debounce/DE0_TOP_New/DEO_SALVA/synthesis/submodules/altera_merlin_arbitrator.sv
Info: rsp_xbar_mux_001: "mm_interconnect_0" instantiated altera_merlin_multiplexer "rsp_xbar_mux_001"
Info: Reusing file C:/Users/ACER/Downloads/DE0_Debounce/DE0_TOP_New/DEO_SALVA/synthesis/submodules/altera_merlin_arbitrator.sv
Info: DEO_SALVA: Done "DEO_SALVA" with 25 modules, 48 files, 1101960 bytes
Info: ip-generate succeeded.
Info: Finished: Create HDL design files for synthesis
