Info: Starting: Create block symbol file (.bsf)
Info: ip-generate --project-directory=C:/Users/ACER/Downloads/DE0_Debounce/DE0_TOP_New/ --output-directory=C:/Users/ACER/Downloads/DE0_Debounce/DE0_TOP_New/DEO_SALVA/ --report-file=bsf:C:/Users/ACER/Downloads/DE0_Debounce/DE0_TOP_New/DEO_SALVA.bsf --system-info=DEVICE_FAMILY="Cyclone III" --system-info=DEVICE=EP3C16F484C6 --system-info=DEVICE_SPEEDGRADE=6 --component-file=C:/Users/ACER/Downloads/DE0_Debounce/DE0_TOP_New/DEO_SALVA.qsys
Progress: Loading DE0_TOP_New/DEO_SALVA.qsys
Progress: Reading input file
Progress: Adding clk_0 [clock_source 13.1]
Progress: Parameterizing module clk_0
Progress: Adding nios2_qsys_0 [altera_nios2_qsys 13.1]
Progress: Parameterizing module nios2_qsys_0
Progress: Adding onchip_memory2_0 [altera_avalon_onchip_memory2 13.1]
Progress: Parameterizing module onchip_memory2_0
Progress: Adding timer_0 [altera_avalon_timer 13.1]
Progress: Parameterizing module timer_0
Progress: Adding jtag_uart_0 [altera_avalon_jtag_uart 13.1]
Progress: Parameterizing module jtag_uart_0
Progress: Adding uart_0 [altera_avalon_uart 13.1]
Progress: Parameterizing module uart_0
Progress: Building connections
Progress: Parameterizing connections
Progress: Validating
Progress: Done reading input file
Info: ip-generate succeeded.
Info: Finished: Create block symbol file (.bsf)
Info: 
Info: Starting: Create HDL design files for synthesis
Info: ip-generate --project-directory=C:/Users/ACER/Downloads/DE0_Debounce/DE0_TOP_New/ --output-directory=C:/Users/ACER/Downloads/DE0_Debounce/DE0_TOP_New/DEO_SALVA/synthesis/ --file-set=QUARTUS_SYNTH --report-file=html:C:/Users/ACER/Downloads/DE0_Debounce/DE0_TOP_New/DEO_SALVA.html --report-file=sopcinfo:C:/Users/ACER/Downloads/DE0_Debounce/DE0_TOP_New/DEO_SALVA.sopcinfo --report-file=cmp:C:/Users/ACER/Downloads/DE0_Debounce/DE0_TOP_New/DEO_SALVA.cmp --report-file=qip:C:/Users/ACER/Downloads/DE0_Debounce/DE0_TOP_New/DEO_SALVA/synthesis/DEO_SALVA.qip --report-file=svd --report-file=regmap:C:/Users/ACER/Downloads/DE0_Debounce/DE0_TOP_New/DEO_SALVA/synthesis/DEO_SALVA.regmap --report-file=debuginfo:C:/Users/ACER/Downloads/DE0_Debounce/DE0_TOP_New/DEO_SALVA/synthesis/DEO_SALVA.debuginfo --system-info=DEVICE_FAMILY="Cyclone III" --system-info=DEVICE=EP3C16F484C6 --system-info=DEVICE_SPEEDGRADE=6 --component-file=C:/Users/ACER/Downloads/DE0_Debounce/DE0_TOP_New/DEO_SALVA.qsys --language=VERILOG
Progress: Loading DE0_TOP_New/DEO_SALVA.qsys
Progress: Reading input file
Progress: Adding clk_0 [clock_source 13.1]
Progress: Parameterizing module clk_0
Progress: Adding nios2_qsys_0 [altera_nios2_qsys 13.1]
Progress: Parameterizing module nios2_qsys_0
Progress: Adding onchip_memory2_0 [altera_avalon_onchip_memory2 13.1]
Progress: Parameterizing module onchip_memory2_0
Progress: Adding timer_0 [altera_avalon_timer 13.1]
Progress: Parameterizing module timer_0
Progress: Adding jtag_uart_0 [altera_avalon_jtag_uart 13.1]
Progress: Parameterizing module jtag_uart_0
Progress: Adding uart_0 [altera_avalon_uart 13.1]
Progress: Parameterizing module uart_0
Progress: Building connections
Progress: Parameterizing connections
Progress: Validating
Progress: Done reading input file
Info: DEO_SALVA: Generating DEO_SALVA "DEO_SALVA" for QUARTUS_SYNTH
Info: pipeline_bridge_swap_transform: After transform: 5 modules, 20 connections
Info: No custom instruction connections, skipping transform 
Info: merlin_initial_interconnect_transform: After transform: 5 modules, 18 connections
Info: merlin_translator_transform: After transform: 11 modules, 42 connections
Info: merlin_domain_transform: After transform: 22 modules, 114 connections
Info: merlin_router_transform: After transform: 28 modules, 138 connections
Info: merlin_network_to_switch_transform: After transform: 39 modules, 168 connections
Info: merlin_clock_and_reset_bridge_transform: After transform: 41 modules, 208 connections
Info: merlin_hierarchy_transform: After transform: 6 modules, 23 connections
Info: merlin_mm_transform: After transform: 6 modules, 23 connections
Info: merlin_interrupt_mapper_transform: After transform: 7 modules, 27 connections
Info: reset_adaptation_transform: After transform: 9 modules, 29 connections
Warning: DEO_SALVA: "No matching role found for uart_0:s1:dataavailable (dataavailable)"
Warning: DEO_SALVA: "No matching role found for uart_0:s1:readyfordata (readyfordata)"
Info: nios2_qsys_0: Starting RTL generation for module 'DEO_SALVA_nios2_qsys_0'
Info: nios2_qsys_0:   Generation command is [exec C:/altera/13.1/quartus/bin/eperlcmd.exe -I C:/altera/13.1/quartus/bin/perl/lib -I C:/altera/13.1/quartus/sopc_builder/bin/europa -I C:/altera/13.1/quartus/sopc_builder/bin/perl_lib -I C:/altera/13.1/quartus/sopc_builder/bin -I C:/altera/13.1/quartus/../ip/altera/nios2_ip/altera_nios2/cpu_lib -I C:/altera/13.1/quartus/../ip/altera/nios2_ip/altera_nios2/nios_lib -I C:/altera/13.1/quartus/../ip/altera/nios2_ip/altera_nios2 -I C:/altera/13.1/quartus/../ip/altera/nios2_ip/altera_nios2 -- C:/altera/13.1/quartus/../ip/altera/nios2_ip/altera_nios2/generate_rtl.epl --name=DEO_SALVA_nios2_qsys_0 --dir=C:/Users/ACER/AppData/Local/Temp/alt9117_7470119127368358.dir/0295_nios2_qsys_0_gen/ --quartus_dir=C:/altera/13.1/quartus --verilog --config=C:/Users/ACER/AppData/Local/Temp/alt9117_7470119127368358.dir/0295_nios2_qsys_0_gen//DEO_SALVA_nios2_qsys_0_processor_configuration.pl  --do_build_sim=0  ]
Info: nios2_qsys_0: # 2022.05.06 12:22:23 (*) Starting Nios II generation
Info: nios2_qsys_0: # 2022.05.06 12:22:23 (*)   Checking for plaintext license.
Info: nios2_qsys_0: # 2022.05.06 12:22:24 (*)   Couldn't query license setup in Quartus directory C:/altera/13.1/quartus
Info: nios2_qsys_0: # 2022.05.06 12:22:24 (*)   Defaulting to contents of LM_LICENSE_FILE environment variable
Info: nios2_qsys_0: # 2022.05.06 12:22:24 (*)   LM_LICENSE_FILE environment variable is empty
Info: nios2_qsys_0: # 2022.05.06 12:22:24 (*)   Plaintext license not found.
Info: nios2_qsys_0: # 2022.05.06 12:22:24 (*)   No license required to generate encrypted Nios II/e.
Info: nios2_qsys_0: # 2022.05.06 12:22:24 (*)   Elaborating CPU configuration settings
Info: nios2_qsys_0: # 2022.05.06 12:22:24 (*)   Creating all objects for CPU
Info: nios2_qsys_0: # 2022.05.06 12:22:26 (*)   Generating RTL from CPU objects
Info: nios2_qsys_0: # 2022.05.06 12:22:26 (*)   Creating plain-text RTL
Info: nios2_qsys_0: # 2022.05.06 12:22:28 (*) Done Nios II generation
Info: nios2_qsys_0: Done RTL generation for module 'DEO_SALVA_nios2_qsys_0'
Info: nios2_qsys_0: "DEO_SALVA" instantiated altera_nios2_qsys "nios2_qsys_0"
Info: onchip_memory2_0: Starting RTL generation for module 'DEO_SALVA_onchip_memory2_0'
Info: onchip_memory2_0:   Generation command is [exec C:/altera/13.1/quartus/bin/perl/bin/perl.exe -I C:/altera/13.1/quartus/bin/perl/lib -I C:/altera/13.1/quartus/sopc_builder/bin/europa -I C:/altera/13.1/quartus/sopc_builder/bin/perl_lib -I C:/altera/13.1/quartus/sopc_builder/bin -I C:/altera/13.1/quartus/../ip/altera/sopc_builder_ip/common -I C:/altera/13.1/quartus/../ip/altera/sopc_builder_ip/altera_avalon_onchip_memory2 -- C:/altera/13.1/quartus/../ip/altera/sopc_builder_ip/altera_avalon_onchip_memory2/generate_rtl.pl --name=DEO_SALVA_onchip_memory2_0 --dir=C:/Users/ACER/AppData/Local/Temp/alt9117_7470119127368358.dir/0296_onchip_memory2_0_gen/ --quartus_dir=C:/altera/13.1/quartus --verilog --config=C:/Users/ACER/AppData/Local/Temp/alt9117_7470119127368358.dir/0296_onchip_memory2_0_gen//DEO_SALVA_onchip_memory2_0_component_configuration.pl  --do_build_sim=0  ]
Info: onchip_memory2_0: Done RTL generation for module 'DEO_SALVA_onchip_memory2_0'
Info: onchip_memory2_0: "DEO_SALVA" instantiated altera_avalon_onchip_memory2 "onchip_memory2_0"
Info: jtag_uart_0: Starting RTL generation for module 'DEO_SALVA_jtag_uart_0'
Info: jtag_uart_0:   Generation command is [exec C:/altera/13.1/quartus/bin/perl/bin/perl.exe -I C:/altera/13.1/quartus/bin/perl/lib -I C:/altera/13.1/quartus/sopc_builder/bin/europa -I C:/altera/13.1/quartus/sopc_builder/bin/perl_lib -I C:/altera/13.1/quartus/sopc_builder/bin -I C:/altera/13.1/quartus/../ip/altera/sopc_builder_ip/common -I C:/altera/13.1/quartus/../ip/altera/sopc_builder_ip/altera_avalon_jtag_uart -- C:/altera/13.1/quartus/../ip/altera/sopc_builder_ip/altera_avalon_jtag_uart/generate_rtl.pl --name=DEO_SALVA_jtag_uart_0 --dir=C:/Users/ACER/AppData/Local/Temp/alt9117_7470119127368358.dir/0297_jtag_uart_0_gen/ --quartus_dir=C:/altera/13.1/quartus --verilog --config=C:/Users/ACER/AppData/Local/Temp/alt9117_7470119127368358.dir/0297_jtag_uart_0_gen//DEO_SALVA_jtag_uart_0_component_configuration.pl  --do_build_sim=0  ]
Info: jtag_uart_0: Done RTL generation for module 'DEO_SALVA_jtag_uart_0'
Info: jtag_uart_0: "DEO_SALVA" instantiated altera_avalon_jtag_uart "jtag_uart_0"
Info: uart_0: Starting RTL generation for module 'DEO_SALVA_uart_0'
Info: uart_0:   Generation command is [exec C:/altera/13.1/quartus/bin/perl/bin/perl.exe -I C:/altera/13.1/quartus/bin/perl/lib -I C:/altera/13.1/quartus/sopc_builder/bin/europa -I C:/altera/13.1/quartus/sopc_builder/bin/perl_lib -I C:/altera/13.1/quartus/sopc_builder/bin -I C:/altera/13.1/quartus/../ip/altera/sopc_builder_ip/common -I C:/altera/13.1/quartus/../ip/altera/sopc_builder_ip/altera_avalon_uart -- C:/altera/13.1/quartus/../ip/altera/sopc_builder_ip/altera_avalon_uart/generate_rtl.pl --name=DEO_SALVA_uart_0 --dir=C:/Users/ACER/AppData/Local/Temp/alt9117_7470119127368358.dir/0298_uart_0_gen/ --quartus_dir=C:/altera/13.1/quartus --verilog --config=C:/Users/ACER/AppData/Local/Temp/alt9117_7470119127368358.dir/0298_uart_0_gen//DEO_SALVA_uart_0_component_configuration.pl  --do_build_sim=0  ]
Info: uart_0: Done RTL generation for module 'DEO_SALVA_uart_0'
Info: uart_0: "DEO_SALVA" instantiated altera_avalon_uart "uart_0"
Info: pipeline_bridge_swap_transform: After transform: 36 modules, 117 connections
Info: No custom instruction connections, skipping transform 
Info: merlin_initial_interconnect_transform: After transform: 0 modules, 0 connections
Info: No Avalon connections, skipping transform 
Info: merlin_hierarchy_transform: After transform: 36 modules, 117 connections
Info: merlin_initial_interconnect_transform: After transform: 0 modules, 0 connections
Info: No Avalon connections, skipping transform 
Info: merlin_hierarchy_transform: After transform: 36 modules, 117 connections
Info: merlin_initial_interconnect_transform: After transform: 0 modules, 0 connections
Info: No Avalon connections, skipping transform 
Info: merlin_hierarchy_transform: After transform: 36 modules, 117 connections
Info: merlin_initial_interconnect_transform: After transform: 0 modules, 0 connections
Info: No Avalon connections, skipping transform 
Info: merlin_hierarchy_transform: After transform: 36 modules, 117 connections
Info: merlin_initial_interconnect_transform: After transform: 0 modules, 0 connections
Info: No Avalon connections, skipping transform 
Info: merlin_hierarchy_transform: After transform: 36 modules, 117 connections
Info: merlin_initial_interconnect_transform: After transform: 0 modules, 0 connections
Info: No Avalon connections, skipping transform 
Info: merlin_hierarchy_transform: After transform: 36 modules, 117 connections
Info: mm_interconnect_0: "DEO_SALVA" instantiated altera_merlin_interconnect_wrapper "mm_interconnect_0"
Info: irq_mapper: "DEO_SALVA" instantiated altera_irq_mapper "irq_mapper"
Info: rst_controller: "DEO_SALVA" instantiated altera_reset_controller "rst_controller"
Info: nios2_qsys_0_instruction_master_translator: "mm_interconnect_0" instantiated altera_merlin_master_translator "nios2_qsys_0_instruction_master_translator"
Info: nios2_qsys_0_jtag_debug_module_translator: "mm_interconnect_0" instantiated altera_merlin_slave_translator "nios2_qsys_0_jtag_debug_module_translator"
Info: nios2_qsys_0_instruction_master_translator_avalon_universal_master_0_agent: "mm_interconnect_0" instantiated altera_merlin_master_agent "nios2_qsys_0_instruction_master_translator_avalon_universal_master_0_agent"
Info: nios2_qsys_0_jtag_debug_module_translator_avalon_universal_slave_0_agent: "mm_interconnect_0" instantiated altera_merlin_slave_agent "nios2_qsys_0_jtag_debug_module_translator_avalon_universal_slave_0_agent"
Info: nios2_qsys_0_jtag_debug_module_translator_avalon_universal_slave_0_agent_rsp_fifo: "mm_interconnect_0" instantiated altera_avalon_sc_fifo "nios2_qsys_0_jtag_debug_module_translator_avalon_universal_slave_0_agent_rsp_fifo"
Info: addr_router: "mm_interconnect_0" instantiated altera_merlin_router "addr_router"
Info: addr_router_001: "mm_interconnect_0" instantiated altera_merlin_router "addr_router_001"
Info: id_router: "mm_interconnect_0" instantiated altera_merlin_router "id_router"
Info: id_router_002: "mm_interconnect_0" instantiated altera_merlin_router "id_router_002"
Info: cmd_xbar_demux: "mm_interconnect_0" instantiated altera_merlin_demultiplexer "cmd_xbar_demux"
Info: cmd_xbar_demux_001: "mm_interconnect_0" instantiated altera_merlin_demultiplexer "cmd_xbar_demux_001"
Info: cmd_xbar_mux: "mm_interconnect_0" instantiated altera_merlin_multiplexer "cmd_xbar_mux"
Info: cmd_xbar_mux_002: "mm_interconnect_0" instantiated altera_merlin_multiplexer "cmd_xbar_mux_002"
Info: Reusing file C:/Users/ACER/Downloads/DE0_Debounce/DE0_TOP_New/DEO_SALVA/synthesis/submodules/altera_merlin_arbitrator.sv
Info: rsp_xbar_demux_002: "mm_interconnect_0" instantiated altera_merlin_demultiplexer "rsp_xbar_demux_002"
Info: rsp_xbar_mux: "mm_interconnect_0" instantiated altera_merlin_multiplexer "rsp_xbar_mux"
Info: Reusing file C:/Users/ACER/Downloads/DE0_Debounce/DE0_TOP_New/DEO_SALVA/synthesis/submodules/altera_merlin_arbitrator.sv
Info: rsp_xbar_mux_001: "mm_interconnect_0" instantiated altera_merlin_multiplexer "rsp_xbar_mux_001"
Info: Reusing file C:/Users/ACER/Downloads/DE0_Debounce/DE0_TOP_New/DEO_SALVA/synthesis/submodules/altera_merlin_arbitrator.sv
Info: DEO_SALVA: Done "DEO_SALVA" with 24 modules, 38 files, 1046979 bytes
Info: ip-generate succeeded.
Info: Finished: Create HDL design files for synthesis
